make.exe all --print-data-base --no-builtin-variables --no-builtin-rules --question
# GNU Make 4.3
# Built for Windows32
# Copyright (C) 1988-2020 Free Software Foundation, Inc.
# License GPLv3+: GNU GPL version 3 or later <http://gnu.org/licenses/gpl.html>
# This is free software: you are free to change and redistribute it.
# There is NO WARRANTY, to the extent permitted by law.

# Make data base, printed on Sat Feb 24 17:15:16 2024

# Variables

# environment
FPS_BROWSER_APP_PROFILE_STRING = Internet Explorer
# environment
SYSTEMDRIVE = C:
# environment
LC_ALL = C
# environment
USERPROFILE = C:\Users\User
# environment
LOCALAPPDATA = C:\Users\User\AppData\Local
# environment
VSCODE_CRASH_REPORTER_PROCESS_TYPE = extensionHost
# environment
VSCODE_CWD = C:\Users\User\AppData\Local\Programs\Microsoft VS Code
# environment
SYSTEMROOT = C:\WINDOWS
# environment
PROCESSOR_LEVEL = 6
# environment
PSMODULEPATH = C:\WINDOWS\system32\WindowsPowerShell\v1.0\Modules\
# default
MAKE_COMMAND := make.exe
# automatic
@D = $(patsubst %/,%,$(patsubst %\,%,$(dir $@)))
# makefile (from 'Makefile', line 5)
OBJ_DIR = obj
# environment
CHROME_CRASHPAD_PIPE_NAME = \\.\pipe\crashpad_15900_TUHNSFMGEIHSPPHY
# environment
FPS_BROWSER_USER_PROFILE_STRING = Default
# environment
VSCODE_HANDLES_UNCAUGHT_ERRORS = true
# default
.VARIABLES := 
# automatic
%D = $(patsubst %/,%,$(patsubst %\,%,$(dir $%)))
# automatic 

^D = $(patsubst %/,%,$(patsubst %\,%,$(dir $^)))
# automatic
%F = $(notdir $%)
# environment
VSCODE_CODE_CACHE_PATH = C:\Users\User\AppData\Roaming\Code\CachedData\903b1e9d8990623e3d7da1df3d33db3e42d80eda
# environment
LANG = C
# default
.LOADED := 
# environment
TMP = C:\Users\User\AppData\Local\Temp
# default
.INCLUDE_DIRS = .
# makefile
MAKEFLAGS = pqrR
# environment
INTEL_DEV_REDIST = C:\Program Files (x86)\Common Files\Intel\Shared Libraries\
# environment
ONEDRIVE = C:\Users\User\OneDrive
# environment
POWERSHELL_DISTRIBUTION_CHANNEL = MSI:Windows 10 Home
# makefile
CURDIR := c:/Users/User/Desktop/boobs
# environment
APPLICATION_INSIGHTS_NO_DIAGNOSTIC_CHANNEL = 1
# makefile (from 'Makefile', line 3)
SRCS = $(wildcard *.cpp) $(wildcard Commands/*.cpp)
# automatic
*D = $(patsubst %/,%,$(patsubst %\,%,$(dir $*)))
# environment
PROGRAMFILES = C:\Program Files
# environment
MFLAGS = -pqrR
# default
.SHELLFLAGS := -c
# environment
COMMONPROGRAMW6432 = C:\Program Files\Common Files
# automatic
+D = $(patsubst %/,%,$(patsubst %\,%,$(dir $+)))
# makefile (from 'Makefile', line 1)
MAKEFILE_LIST := Makefile
# automatic
@F = $(notdir $@)
# environment
VSCODE_PID = 15900
# automatic
?D = $(patsubst %/,%,$(patsubst %\,%,$(dir $?)))
# automatic
*F = $(notdir $*)
# automatic
<D = $(patsubst %/,%,$(patsubst %\,%,$(dir $<)))
# environment
VSCODE_NLS_CONFIG = {"locale":"en-us","osLocale":"ru","availableLanguages":{},"_languagePackSupport":true}
# default
MAKE_HOST := Windows32
# makefile (from 'Makefile', line 6)
OBJS = $(addprefix $(OBJ_DIR)/, $(SRCS:.cpp=.o))
# environment
PROGRAMDATA = C:\ProgramData
# default
SHELL := sh.exe
# environment
HOMEPATH = \Users\User
# default
MAKECMDGOALS := all
# environment
DRIVERDATA = C:\Windows\System32\Drivers\DriverData
# environment
COMSPEC = C:\WINDOWS\system32\cmd.exe
# environment
WINDIR = C:\WINDOWS
# environment
MAKELEVEL := 0
# default
MAKE = $(MAKE_COMMAND)
# environment
PATH = C:\Program Files (x86)\NVIDIA Corporation\PhysX\Common;C:\Program Files (x86)\Common Files\Intel\Shared Libraries\redist\intel64\compiler;C:\WINDOWS\system32;C:\WINDOWS;C:\WINDOWS\System32\Wbem;C:\WINDOWS\System32\WindowsPowerShell\v1.0\;C:\WINDOWS\System32\OpenSSH\;C:\Program Files\Microsoft SQL Server\150\Tools\Binn\;C:\Program Files\Git\cmd;C:\Program Files\PowerShell\7\;C:\Users\User\AppData\Local\Microsoft\WindowsApps;C:\Users\User\AppData\Local\Programs\Microsoft VS Code\bin;C:\MinGW\bin;
# environment
COMPUTERNAME = DESKTOP-8JIVG4V
# default
MAKEFILES := 
# automatic
^F = $(notdir $^)
# environment
PROMPT = $P$G
# environment
LOGONSERVER = \\DESKTOP-8JIVG4V
# environment
USERNAME = User
# environment
COMMONPROGRAMFILES = C:\Program Files\Common Files
# automatic
?F = $(notdir $?)
# environment
PROGRAMW6432 = C:\Program Files
# makefile (from 'Makefile', line 1)
NAME = ircserv
# environment
PATHEXT = .COM;.EXE;.BAT;.CMD;.VBS;.VBE;.JS;.JSE;.WSF;.WSH;.MSC
# automatic
+F = $(notdir $+)
# environment
ORIGINAL_XDG_CURRENT_DESKTOP = undefined
# environment
USERDOMAIN = DESKTOP-8JIVG4V
# 'override' directive
GNUMAKEFLAGS := 
# environment
OS = Windows_NT
# makefile
.DEFAULT_GOAL := all
# makefile (from 'Makefile', line 12)
RM = rm -f
# default
MAKE_VERSION := 4.3
# environment
PROGRAMFILES(X86) = C:\Program Files (x86)
# environment
USERDOMAIN_ROAMINGPROFILE = DESKTOP-8JIVG4V
# environment
NUMBER_OF_PROCESSORS = 12
# environment
PUBLIC = C:\Users\Public
# environment
APPDATA = C:\Users\User\AppData\Roaming
# makefile (from 'Makefile', line 10)
CFLAGS = -Wall -Wextra -Werror -std=c++11 -I.
# environment
HOMEDRIVE = C:
# environment
PROCESSOR_ARCHITECTURE = AMD64
# environment
VSCODE_AMD_ENTRYPOINT = vs/workbench/api/node/extensionHostProcess
# environment
COMMONPROGRAMFILES(X86) = C:\Program Files (x86)\Common Files
# environment
ELECTRON_RUN_AS_NODE = 1
# environment
TEMP = C:\Users\User\AppData\Local\Temp
# environment
VSCODE_IPC_HOOK = \\.\pipe\7a324ef7-1.86.2-main-sock
# default
.RECIPEPREFIX := 
# automatic
<F = $(notdir $<)
# default
SUFFIXES := 
# environment
ALLUSERSPROFILE = C:\ProgramData
# environment
SESSIONNAME = Console
# default
.FEATURES := target-specific order-only second-expansion else-if shortest-stem undefine oneshell nocomment grouped-target extra-prereqs archives jobserver output-sync load
# environment
MIC_LD_LIBRARY_PATH = C:\Program Files (x86)\Common Files\Intel\Shared Libraries\compiler\lib\mic
# environment
PROCESSOR_REVISION = a502
# makefile (from 'Makefile', line 8)
CC = c++
# environment
PROCESSOR_IDENTIFIER = Intel64 Family 6 Model 165 Stepping 2, GenuineIntel
# variable set hash-table stats:
# Load=99/1024=10%, Rehash=0, Collisions=14/132=11%

# Pattern-specific Variable Values

# No pattern-specific variable values.

# Directories

# . (key c:/Users/User/Desktop/boobs, mtime 1708780489): 19 files, no impossibilities.
# Commands (key c:/Users/User/Desktop/boobs/Commands, mtime 1708716666): 20 files, no impossibilities.

# 39 files, no impossibilities in 2 directories.

# Implicit Rules

obj/%.o: %.cpp
#  recipe to execute (from 'Makefile', line 17):
			@mkdir -p $(OBJ_DIR)
			@mkdir -p $(OBJ_DIR)/Commands
			@$(CC) $(CFLAGS) -o $@ -c $<

# 1 implicit rules, 0 (0.0%) terminal.
# Files

obj/Commands/Invite.o: Commands/Invite.cpp
#  Implicit rule search has been done.
#  Implicit/static pattern stem: 'Commands/Invite'
#  Last modified 2024-02-24 17:14:43
#  File has been updated.
#  Successfully updated.
#  recipe to execute (from 'Makefile', line 17):
			@mkdir -p $(OBJ_DIR)
			@mkdir -p $(OBJ_DIR)/Commands
			@$(CC) $(CFLAGS) -o $@ -c $<

obj/Commands/Ping.o: Commands/Ping.cpp
#  Implicit rule search has been done.
#  Implicit/static pattern stem: 'Commands/Ping'
#  Last modified 2024-02-24 17:14:46
#  File has been updated.
#  Successfully updated.
#  recipe to execute (from 'Makefile', line 17):
			@mkdir -p $(OBJ_DIR)
			@mkdir -p $(OBJ_DIR)/Commands
			@$(CC) $(CFLAGS) -o $@ -c $<

obj/Commands/Pong.o: Commands/Pong.cpp
#  Implicit rule search has been done.
#  Implicit/static pattern stem: 'Commands/Pong'
#  Last modified 2024-02-24 17:14:47
#  File has been updated.
#  Successfully updated.
#  recipe to execute (from 'Makefile', line 17):
			@mkdir -p $(OBJ_DIR)
			@mkdir -p $(OBJ_DIR)/Commands
			@$(CC) $(CFLAGS) -o $@ -c $<

client:
#  Phony target (prerequisite of .PHONY).
#  Implicit rule search has not been done.
#  File does not exist.
#  File has not been updated.
#  recipe to execute (from 'Makefile', line 38):
		nc localhost 6667

# Not a target:
Commands/Invite.cpp:
#  Implicit rule search has been done.
#  Last modified 2024-02-18 13:31:16
#  File has been updated.
#  Successfully updated.

# Not a target:
Commands/Quit.cpp:
#  Implicit rule search has been done.
#  Last modified 2024-02-23 21:10:02
#  File has been updated.
#  Successfully updated.

# Not a target:
Parsing.cpp:
#  Implicit rule search has been done.
#  Last modified 2024-02-18 13:31:16
#  File has been updated.
#  Successfully updated.

# Not a target:
Commands/Cap.cpp:
#  Implicit rule search has been done.
#  Last modified 2024-02-23 21:11:23
#  File has been updated.
#  Successfully updated.

# Not a target:
Commands/Nick.cpp:
#  Implicit rule search has been done.
#  Last modified 2024-02-23 21:15:46
#  File has been updated.
#  Successfully updated.

obj/Commands/Commands.o: Commands/Commands.cpp
#  Implicit rule search has been done.
#  Implicit/static pattern stem: 'Commands/Commands'
#  Last modified 2024-02-24 17:14:43
#  File has been updated.
#  Successfully updated.
#  recipe to execute (from 'Makefile', line 17):
			@mkdir -p $(OBJ_DIR)
			@mkdir -p $(OBJ_DIR)/Commands
			@$(CC) $(CFLAGS) -o $@ -c $<

obj/main.o: main.cpp
#  Implicit rule search has been done.
#  Implicit/static pattern stem: 'main'
#  Last modified 2024-02-24 17:14:42
#  File has been updated.
#  Successfully updated.
#  recipe to execute (from 'Makefile', line 17):
			@mkdir -p $(OBJ_DIR)
			@mkdir -p $(OBJ_DIR)/Commands
			@$(CC) $(CFLAGS) -o $@ -c $<

obj/Commands/Notice.o: Commands/Notice.cpp
#  Implicit rule search has been done.
#  Implicit/static pattern stem: 'Commands/Notice'
#  Last modified 2024-02-24 17:14:45
#  File has been updated.
#  Successfully updated.
#  recipe to execute (from 'Makefile', line 17):
			@mkdir -p $(OBJ_DIR)
			@mkdir -p $(OBJ_DIR)/Commands
			@$(CC) $(CFLAGS) -o $@ -c $<

# Not a target:
Makefile:
#  Implicit rule search has been done.
#  Last modified 2024-02-18 13:45:37
#  File has been updated.
#  Successfully updated.

obj/Parsing.o: Parsing.cpp
#  Implicit rule search has been done.
#  Implicit/static pattern stem: 'Parsing'
#  Last modified 2024-02-24 17:14:41
#  File has been updated.
#  Successfully updated.
#  recipe to execute (from 'Makefile', line 17):
			@mkdir -p $(OBJ_DIR)
			@mkdir -p $(OBJ_DIR)/Commands
			@$(CC) $(CFLAGS) -o $@ -c $<

# Not a target:
Channel.cpp:
#  Implicit rule search has been done.
#  Last modified 2024-02-24 00:05:33
#  File has been updated.
#  Successfully updated.

# Not a target:
Commands/Part.cpp:
#  Implicit rule search has been done.
#  Last modified 2024-02-23 23:35:57
#  File has been updated.
#  Successfully updated.

obj/Commands/Join.o: Commands/Join.cpp
#  Implicit rule search has been done.
#  Implicit/static pattern stem: 'Commands/Join'
#  Last modified 2024-02-24 17:14:44
#  File has been updated.
#  Successfully updated.
#  recipe to execute (from 'Makefile', line 17):
			@mkdir -p $(OBJ_DIR)
			@mkdir -p $(OBJ_DIR)/Commands
			@$(CC) $(CFLAGS) -o $@ -c $<

obj/Commands/Topic.o: Commands/Topic.cpp
#  Implicit rule search has been done.
#  Implicit/static pattern stem: 'Commands/Topic'
#  Last modified 2024-02-24 17:14:48
#  File has been updated.
#  Successfully updated.
#  recipe to execute (from 'Makefile', line 17):
			@mkdir -p $(OBJ_DIR)
			@mkdir -p $(OBJ_DIR)/Commands
			@$(CC) $(CFLAGS) -o $@ -c $<

clean:
#  Phony target (prerequisite of .PHONY).
#  Implicit rule search has not been done.
#  File does not exist.
#  File has not been updated.
#  recipe to execute (from 'Makefile', line 27):
			@rm -rf $(OBJ_DIR)
			@$(RM) $(OBJS)

# Not a target:
User.cpp:
#  Implicit rule search has been done.
#  Last modified 2024-02-24 17:11:51
#  File has been updated.
#  Successfully updated.

# Not a target:
Commands/Join.cpp:
#  Implicit rule search has been done.
#  Last modified 2024-02-23 21:15:46
#  File has been updated.
#  Successfully updated.

server: all
#  Phony target (prerequisite of .PHONY).
#  Implicit rule search has not been done.
#  File does not exist.
#  File has not been updated.
#  recipe to execute (from 'Makefile', line 36):
			./$(NAME) 6667 asd

re: fclean all
#  Phony target (prerequisite of .PHONY).
#  Implicit rule search has not been done.
#  File does not exist.
#  File has not been updated.

# Not a target:
Commands/Pass.cpp:
#  Implicit rule search has been done.
#  Last modified 2024-02-23 21:15:46
#  File has been updated.
#  Successfully updated.

obj/Commands/Nick.o: Commands/Nick.cpp
#  Implicit rule search has been done.
#  Implicit/static pattern stem: 'Commands/Nick'
#  Last modified 2024-02-24 17:14:45
#  File has been updated.
#  Successfully updated.
#  recipe to execute (from 'Makefile', line 17):
			@mkdir -p $(OBJ_DIR)
			@mkdir -p $(OBJ_DIR)/Commands
			@$(CC) $(CFLAGS) -o $@ -c $<

# Not a target:
Commands/Commands.cpp:
#  Implicit rule search has been done.
#  Last modified 2024-02-24 16:17:03
#  File has been updated.
#  Successfully updated.

obj/Commands/Cap.o: Commands/Cap.cpp
#  Implicit rule search has been done.
#  Implicit/static pattern stem: 'Commands/Cap'
#  Last modified 2024-02-24 17:14:43
#  File has been updated.
#  Successfully updated.
#  recipe to execute (from 'Makefile', line 17):
			@mkdir -p $(OBJ_DIR)
			@mkdir -p $(OBJ_DIR)/Commands
			@$(CC) $(CFLAGS) -o $@ -c $<

obj/Commands/Mode.o: Commands/Mode.cpp
#  Implicit rule search has been done.
#  Implicit/static pattern stem: 'Commands/Mode'
#  Last modified 2024-02-24 17:14:45
#  File has been updated.
#  Successfully updated.
#  recipe to execute (from 'Makefile', line 17):
			@mkdir -p $(OBJ_DIR)
			@mkdir -p $(OBJ_DIR)/Commands
			@$(CC) $(CFLAGS) -o $@ -c $<

# Not a target:
Commands/Who.cpp:
#  Implicit rule search has been done.
#  Last modified 2024-02-23 23:45:37
#  File has been updated.
#  Successfully updated.

# Not a target:
Server.cpp:
#  Implicit rule search has been done.
#  Last modified 2024-02-23 23:43:55
#  File has been updated.
#  Successfully updated.

# Not a target:
.DEFAULT:
#  Implicit rule search has not been done.
#  Modification time never checked.
#  File has not been updated.

all: ircserv
#  Phony target (prerequisite of .PHONY).
#  Command line target.
#  Implicit rule search has not been done.
#  File does not exist.
#  File has been updated.
#  Successfully updated.

fclean: clean
#  Phony target (prerequisite of .PHONY).
#  Implicit rule search has not been done.
#  File does not exist.
#  File has not been updated.
#  recipe to execute (from 'Makefile', line 31):
			@$(RM) $(NAME)

obj/Commands/Quit.o: Commands/Quit.cpp
#  Implicit rule search has been done.
#  Implicit/static pattern stem: 'Commands/Quit'
#  Last modified 2024-02-24 17:14:48
#  File has been updated.
#  Successfully updated.
#  recipe to execute (from 'Makefile', line 17):
			@mkdir -p $(OBJ_DIR)
			@mkdir -p $(OBJ_DIR)/Commands
			@$(CC) $(CFLAGS) -o $@ -c $<

# Not a target:
Commands/PrivMsg.cpp:
#  Implicit rule search has been done.
#  Last modified 2024-02-24 01:47:09
#  File has been updated.
#  Successfully updated.

# Not a target:
main.cpp:
#  Implicit rule search has been done.
#  Last modified 2024-02-24 00:52:10
#  File has been updated.
#  Successfully updated.

obj/Commands/Who.o: Commands/Who.cpp
#  Implicit rule search has been done.
#  Implicit/static pattern stem: 'Commands/Who'
#  Last modified 2024-02-24 17:14:49
#  File has been updated.
#  Successfully updated.
#  recipe to execute (from 'Makefile', line 17):
			@mkdir -p $(OBJ_DIR)
			@mkdir -p $(OBJ_DIR)/Commands
			@$(CC) $(CFLAGS) -o $@ -c $<

obj/Commands/User.o: Commands/User.cpp
#  Implicit rule search has been done.
#  Implicit/static pattern stem: 'Commands/User'
#  Last modified 2024-02-24 17:14:48
#  File has been updated.
#  Successfully updated.
#  recipe to execute (from 'Makefile', line 17):
			@mkdir -p $(OBJ_DIR)
			@mkdir -p $(OBJ_DIR)/Commands
			@$(CC) $(CFLAGS) -o $@ -c $<

# Not a target:
Commands/Notice.cpp:
#  Implicit rule search has been done.
#  Last modified 2024-02-23 21:11:31
#  File has been updated.
#  Successfully updated.

obj/Commands/Pass.o: Commands/Pass.cpp
#  Implicit rule search has been done.
#  Implicit/static pattern stem: 'Commands/Pass'
#  Last modified 2024-02-24 17:14:46
#  File has been updated.
#  Successfully updated.
#  recipe to execute (from 'Makefile', line 17):
			@mkdir -p $(OBJ_DIR)
			@mkdir -p $(OBJ_DIR)/Commands
			@$(CC) $(CFLAGS) -o $@ -c $<

obj/Commands/PrivMsg.o: Commands/PrivMsg.cpp
#  Implicit rule search has been done.
#  Implicit/static pattern stem: 'Commands/PrivMsg'
#  Last modified 2024-02-24 17:14:47
#  File has been updated.
#  Successfully updated.
#  recipe to execute (from 'Makefile', line 17):
			@mkdir -p $(OBJ_DIR)
			@mkdir -p $(OBJ_DIR)/Commands
			@$(CC) $(CFLAGS) -o $@ -c $<

# Not a target:
Commands/User.cpp:
#  Implicit rule search has been done.
#  Last modified 2024-02-24 17:12:17
#  File has been updated.
#  Successfully updated.

# Not a target:
Commands/Ping.cpp:
#  Implicit rule search has been done.
#  Last modified 2024-02-19 18:32:03
#  File has been updated.
#  Successfully updated.

obj/Server.o: Server.cpp
#  Implicit rule search has been done.
#  Implicit/static pattern stem: 'Server'
#  Last modified 2024-02-24 17:14:42
#  File has been updated.
#  Successfully updated.
#  recipe to execute (from 'Makefile', line 17):
			@mkdir -p $(OBJ_DIR)
			@mkdir -p $(OBJ_DIR)/Commands
			@$(CC) $(CFLAGS) -o $@ -c $<

# Not a target:
Commands/Pong.cpp:
#  Implicit rule search has been done.
#  Last modified 2024-02-19 18:32:03
#  File has been updated.
#  Successfully updated.

# Not a target:
Commands/Topic.cpp:
#  Implicit rule search has been done.
#  Last modified 2024-02-23 21:15:46
#  File has been updated.
#  Successfully updated.

obj/Commands/Part.o: Commands/Part.cpp
#  Implicit rule search has been done.
#  Implicit/static pattern stem: 'Commands/Part'
#  Last modified 2024-02-24 17:14:46
#  File has been updated.
#  Successfully updated.
#  recipe to execute (from 'Makefile', line 17):
			@mkdir -p $(OBJ_DIR)
			@mkdir -p $(OBJ_DIR)/Commands
			@$(CC) $(CFLAGS) -o $@ -c $<

ircserv: obj/Channel.o obj/Parsing.o obj/Server.o obj/User.o obj/main.o obj/Commands/Cap.o obj/Commands/Commands.o obj/Commands/Invite.o obj/Commands/Join.o obj/Commands/Kick.o obj/Commands/Mode.o obj/Commands/Nick.o obj/Commands/Notice.o obj/Commands/Part.o obj/Commands/Pass.o obj/Commands/Ping.o obj/Commands/Pong.o obj/Commands/PrivMsg.o obj/Commands/Quit.o obj/Commands/Topic.o obj/Commands/User.o obj/Commands/Who.o
#  Implicit rule search has not been done.
#  Last modified 2024-02-24 17:14:49
#  File has been updated.
#  Successfully updated.
#  recipe to execute (from 'Makefile', line 22):
			@$(CC) $(CFLAGS) -o $(NAME) $(OBJS)
			@echo "\x1b[32m$(NAME) is compiled! ðŸ¤ ðŸ±\x1b[32m"
			@echo "\x1b[32mINGAAAAAAA, CHANGE THE STANDART!!!!!!!! ðŸ¤ ðŸ¤ ðŸ¤ ðŸ¤ ðŸ¤ ðŸ¤ \x1b[32m"

obj/Channel.o: Channel.cpp
#  Implicit rule search has been done.
#  Implicit/static pattern stem: 'Channel'
#  Last modified 2024-02-24 17:14:41
#  File has been updated.
#  Successfully updated.
#  recipe to execute (from 'Makefile', line 17):
			@mkdir -p $(OBJ_DIR)
			@mkdir -p $(OBJ_DIR)/Commands
			@$(CC) $(CFLAGS) -o $@ -c $<

obj/User.o: User.cpp
#  Implicit rule search has been done.
#  Implicit/static pattern stem: 'User'
#  Last modified 2024-02-24 17:14:42
#  File has been updated.
#  Successfully updated.
#  recipe to execute (from 'Makefile', line 17):
			@mkdir -p $(OBJ_DIR)
			@mkdir -p $(OBJ_DIR)/Commands
			@$(CC) $(CFLAGS) -o $@ -c $<

# Not a target:
Commands/Kick.cpp:
#  Implicit rule search has been done.
#  Last modified 2024-02-23 21:15:46
#  File has been updated.
#  Successfully updated.

obj/Commands/Kick.o: Commands/Kick.cpp
#  Implicit rule search has been done.
#  Implicit/static pattern stem: 'Commands/Kick'
#  Last modified 2024-02-24 17:14:44
#  File has been updated.
#  Successfully updated.
#  recipe to execute (from 'Makefile', line 17):
			@mkdir -p $(OBJ_DIR)
			@mkdir -p $(OBJ_DIR)/Commands
			@$(CC) $(CFLAGS) -o $@ -c $<

.PHONY: all clean fclean re server client
#  Implicit rule search has not been done.
#  Modification time never checked.
#  File has not been updated.

# Not a target:
Commands/Mode.cpp:
#  Implicit rule search has been done.
#  Last modified 2024-02-23 21:15:46
#  File has been updated.
#  Successfully updated.

# files hash-table stats:
# Load=55/1024=5%, Rehash=0, Collisions=8/166=5%
# VPATH Search Paths

# No 'vpath' search paths.

# No general ('VPATH' variable) search path.

# strcache buffers: 1 (0) / strings = 108 / storage = 1410 B / avg = 13 B
# current buf: size = 8162 B / used = 1410 B / count = 108 / avg = 13 B

# strcache performance: lookups = 164 / hit rate = 34%
# hash-table stats:
# Load=108/8192=1%, Rehash=0, Collisions=3/164=2%
# Finished Make data base on Sat Feb 24 17:15:16 2024

 
